
START - automation started - Mon May 03 2021 15:02:04 GMT+0530 (IST)

LIVE MODE - type done to quit
 [RPA][STARTED]
[RPA][0] - listening for inputs
[RPA][1] - https://www.facebook.com
[RPA][1] - listening for inputs
[RPA][2] - exist_result = exist('email').toString()
[RPA][2] - listening for inputs
[RPA][3] - dump exist_result to rpa_python.txt
[RPA][3] - listening for inputs
[RPA][4] - dclick email
[RPA][4] - listening for inputs
[RPA][5] - dom return prompt('Enter the User Name')
[RPA][5] - listening for inputs
[RPA][6] - dump dom_result to rpa_python.txt
[RPA][6] - listening for inputs
[RPA][7] - dom return prompt('Enter the password')
[RPA][7] - listening for inputs
[RPA][8] - dump dom_result to rpa_python.txt
[RPA][8] - listening for inputs
[RPA][9] - exist_result = exist('pass').toString()
